[2024-11-23T16:07:42.109886-03:00] byteforge_app_log.ERROR: Mensagem: 422 | A requisição não pôde ser processada. | Errors: "Undefined array key \"parent_id\"" | Arquivo erro: C:\Desenvolvimento\js-advogados\app\app\Services\Financeiro\MovimentacaoContaService.php | Linha erro: 343 | UserId: c2b4fea6-182f-4090-b93b-5b85754f99af | UserIp: 127.0.0.1 | Trace ID: API|674227fe195e8 | URL: http://jsadvogadosmc.byteforge.com.br/api/financeiro/movimentacao-conta/lancamentos/servicos | Método HTTP: POST | Últimos Traces: [{"file":"C:\\Desenvolvimento\\js-advogados\\app\\app\\Services\\Service.php","line":136},{"file":"C:\\Desenvolvimento\\js-advogados\\app\\app\\Services\\Financeiro\\MovimentacaoContaService.php","line":428},{"file":"C:\\Desenvolvimento\\js-advogados\\app\\app\\Services\\Financeiro\\MovimentacaoContaService.php","line":323}] [] []
[2024-11-23T16:08:50.466234-03:00] local.DEBUG: Encontrou metadata: {"parent_descricao_original":"Parcela 1 de 10","diluicao_pagamento_parcial":{"parent_id":"9d8e846c-fd09-4e20-9d2f-6d479806984d"}} [] []
[2024-11-23T16:08:50.468455-03:00] byteforge_app_log.ERROR: Mensagem: 422 | A requisição não pôde ser processada. | Errors: "Undefined array key \"parent_id\"" | Arquivo erro: C:\Desenvolvimento\js-advogados\app\app\Services\Financeiro\MovimentacaoContaService.php | Linha erro: 345 | UserId: c2b4fea6-182f-4090-b93b-5b85754f99af | UserIp: 127.0.0.1 | Trace ID: API|67422842723d7 | URL: http://jsadvogadosmc.byteforge.com.br/api/financeiro/movimentacao-conta/lancamentos/servicos | Método HTTP: POST | Últimos Traces: [{"file":"C:\\Desenvolvimento\\js-advogados\\app\\app\\Services\\Service.php","line":136},{"file":"C:\\Desenvolvimento\\js-advogados\\app\\app\\Services\\Financeiro\\MovimentacaoContaService.php","line":430},{"file":"C:\\Desenvolvimento\\js-advogados\\app\\app\\Services\\Financeiro\\MovimentacaoContaService.php","line":323}] [] []
[2024-11-23T17:05:47.463118-03:00] local.DEBUG: Valor faltante: 250.00 [] []
[2024-11-23T17:05:47.548550-03:00] local.DEBUG: Valor original participante: 100 [] []
[2024-11-23T17:05:47.548716-03:00] local.DEBUG: Valor faltante do participante: 62.50 [] []
[2024-11-23T17:05:47.551384-03:00] local.DEBUG: Porcentagem da diluição: 60.00 [] []
[2024-11-23T17:05:47.551532-03:00] local.DEBUG: Valor fixo da diluição (ajustado): 37.50 [] []
[2024-11-23T17:05:47.551597-03:00] local.DEBUG: Total distribuído do participante (até o momento): 37.50 [] []
[2024-11-23T17:05:47.557580-03:00] local.DEBUG: Porcentagem da diluição: 40.00 [] []
[2024-11-23T17:05:47.558006-03:00] local.DEBUG: Valor fixo da diluição (ajustado): 25.00 [] []
[2024-11-23T17:05:47.558137-03:00] local.DEBUG: Total distribuído do participante (até o momento): 62.50 [] []
[2024-11-24T13:33:56.534836-03:00] byteforge_app_log.ERROR: Mensagem: 422 | A requisição não pôde ser processada. | Errors: "O valor dos lan\u00e7amentos de dilui\u00e7\u00e3o n\u00e3o pode ser menor que o valor do lan\u00e7amento original." | Arquivo erro: E:\Desenvolvimento\js-advogados\app\app\Services\Financeiro\MovimentacaoContaService.php | Linha erro: 453 | UserId: f81ec99f-77e1-400a-95ce-1876649effc6 | UserIp: 127.0.0.1 | Trace ID: API|67435573e53b6 | URL: http://jsadvogadosmc.byteforge.com.br/api/financeiro/movimentacao-conta/lancamentos/servicos | Método HTTP: POST | Últimos Traces: [{"file":"E:\\Desenvolvimento\\js-advogados\\app\\app\\Services\\Service.php","line":136},{"file":"E:\\Desenvolvimento\\js-advogados\\app\\app\\Services\\Financeiro\\MovimentacaoContaService.php","line":431},{"file":"E:\\Desenvolvimento\\js-advogados\\app\\app\\Services\\Financeiro\\MovimentacaoContaService.php","line":323}] [] []
[2024-11-24T13:36:36.307617-03:00] local.DEBUG: Valor faltante: 225.00 [] []
[2024-11-24T13:36:36.694367-03:00] local.DEBUG: Valor original participante: 100 [] []
[2024-11-24T13:36:36.694583-03:00] local.DEBUG: Valor faltante do participante: 69.23 [] []
[2024-11-24T13:36:36.700391-03:00] local.DEBUG: Porcentagem da diluição: 66.66 [] []
[2024-11-24T13:36:36.700707-03:00] local.DEBUG: Valor fixo da diluição (ajustado): 46.14 [] []
[2024-11-24T13:36:36.701013-03:00] local.DEBUG: Total distribuído do participante (até o momento): 46.14 [] []
[2024-11-24T13:36:36.713991-03:00] local.DEBUG: Porcentagem da diluição: 22.22 [] []
[2024-11-24T13:36:36.714197-03:00] local.DEBUG: Valor fixo da diluição (ajustado): 15.38 [] []
[2024-11-24T13:36:36.714323-03:00] local.DEBUG: Total distribuído do participante (até o momento): 61.52 [] []
[2024-11-24T13:36:36.727996-03:00] local.DEBUG: Porcentagem da diluição: 11.11 [] []
[2024-11-24T13:36:36.728204-03:00] local.DEBUG: Valor fixo da diluição (ajustado): 7.71 [] []
[2024-11-24T13:36:36.728396-03:00] local.DEBUG: Total distribuído do participante (até o momento): 69.23 [] []
